
===== 2025-11-06 00:42:22 :: START whbot =====
00:42:24.236 [Engine WARN] REST server error on :8080: listen tcp :8080: bind: address already in use
00:42:24.535 [Engine INFO] Successfully authenticated
00:42:24.739 [Engine INFO] [ESTADO] Autenticado y CONECTADO.
00:42:24.742 [Engine INFO] [EVENTO] *events.OfflineSyncCompleted
00:42:26.494 [Engine WARN] webhook post failed: webhook non-2xx: 401
00:42:26.496 [Engine WARN] webhook post failed: webhook non-2xx: 401
00:43:48.344 [Engine/Socket WARN] Error sending close to websocket: failed to close WebSocket: failed to read frame header: EOF

===== 2025-11-06 00:43:50 :: START whbot =====
00:43:51.473 [Engine WARN] REST server error on :8080: listen tcp :8080: bind: address already in use
00:43:51.575 [Engine INFO] Successfully authenticated
00:43:51.893 [Engine INFO] [ESTADO] Autenticado y CONECTADO.
00:43:51.918 [Engine INFO] [EVENTO] *events.OfflineSyncCompleted
00:43:58.514 [Engine/Socket WARN] Error sending close to websocket: failed to close WebSocket: failed to read frame header: EOF

===== 2025-11-06 00:43:59 :: START whbot =====
00:44:00.711 [Engine WARN] REST server error on :8080: listen tcp :8080: bind: address already in use
00:44:00.808 [Engine INFO] Successfully authenticated
00:44:01.058 [Engine INFO] [ESTADO] Autenticado y CONECTADO.
00:44:01.058 [Engine INFO] [EVENTO] *events.OfflineSyncCompleted
00:44:57.800 [Engine/Socket WARN] Error sending close to websocket: failed to close WebSocket: failed to read frame header: EOF

===== 2025-11-06 00:44:58 :: START whbot =====
00:44:59.982 [Engine WARN] REST server error on :8080: listen tcp :8080: bind: address already in use
00:45:00.275 [Engine INFO] Successfully authenticated
00:45:00.774 [Engine INFO] [ESTADO] Autenticado y CONECTADO.
00:45:00.860 [Engine INFO] [EVENTO] *events.OfflineSyncCompleted
00:45:04.736 [Engine INFO] [PRESENCIA][CHAT] Chat:280715254067228@s.whatsapp.net | COMPOSING
[ERROR] 2025-11-06T00:45:05-05:00 SessionCipher.go:316 ▶  Unable to verify ciphertext mac: mismatching MAC in signal message
[WARNING] 2025-11-06T00:45:05-05:00 SessionCipher.go:260 ▶  failed to verify ciphertext MAC: mismatching MAC in signal message
[ERROR] 2025-11-06T00:45:05-05:00 SessionCipher.go:316 ▶  Unable to verify ciphertext mac: mismatching MAC in signal message
00:45:05.692 [Engine WARN] Error decrypting message 3EB0EDEE27CB3449AAB3F5 from 51977425547:75@s.whatsapp.net in 51977425547@s.whatsapp.net: failed to decrypt normal message: no valid sessions
00:45:05.692 [Engine INFO] [EVENTO] *events.UndecryptableMessage
[ERROR] 2025-11-06T00:45:06-05:00 SessionCipher.go:316 ▶  Unable to verify ciphertext mac: mismatching MAC in signal message
[WARNING] 2025-11-06T00:45:06-05:00 SessionCipher.go:260 ▶  failed to verify ciphertext MAC: mismatching MAC in signal message
[ERROR] 2025-11-06T00:45:06-05:00 SessionCipher.go:316 ▶  Unable to verify ciphertext mac: mismatching MAC in signal message
00:45:06.192 [Engine WARN] Error decrypting message 3EB0EDEE27CB3449AAB3F5 from 51977425547:75@s.whatsapp.net in 51977425547@s.whatsapp.net: failed to decrypt normal message: no valid sessions
00:45:06.192 [Engine INFO] [EVENTO] *events.UndecryptableMessage
00:45:06.887 [Engine INFO] [IN] [PRIVADO] Chat:51977425547@s.whatsapp.net | De:51977425547:75@s.whatsapp.net | ID:3EB0EDEE27CB3449AAB3F5 | Texto:"hola"
2025/11/06 00:45:06 [OnMessage] chat=51977425547@s.whatsapp.net from=51977425547:75@s.whatsapp.net id=3EB0EDEE27CB3449AAB3F5
00:45:20.508 [Engine INFO] [PRESENCIA][CHAT] Chat:280715254067228@s.whatsapp.net | COMPOSING
00:45:24.121 [Engine INFO] [IN] [PRIVADO] Chat:51977425547@s.whatsapp.net | De:51977425547:75@s.whatsapp.net | ID:3EB0649492DC9185CDC9B3 | Texto:"===== 2025-11-06 00:44:58 :: START whbot ===== 00:44:59.982 [Engine WARN] REST s…"
2025/11/06 00:45:24 [OnMessage] chat=51977425547@s.whatsapp.net from=51977425547:75@s.whatsapp.net id=3EB0649492DC9185CDC9B3
00:46:43.808 [Engine/Socket WARN] Error sending close to websocket: failed to close WebSocket: failed to read frame header: EOF

===== 2025-11-06 00:46:54 :: START whbot =====
00:46:55.796 [Engine INFO] Successfully authenticated
00:46:56.308 [Engine INFO] [ESTADO] Autenticado y CONECTADO.
00:46:56.333 [Engine INFO] [EVENTO] *events.OfflineSyncCompleted
00:46:57.903 [Engine INFO] [PRESENCIA][CHAT] Chat:280715254067228@s.whatsapp.net | COMPOSING
00:46:59.307 [Engine INFO] [PRESENCIA][CHAT] Chat:280715254067228@s.whatsapp.net | PAUSED
00:46:59.673 [Engine INFO] [PRESENCIA][CHAT] Chat:280715254067228@s.whatsapp.net | COMPOSING
00:47:00.456 [Engine INFO] [IN] [PRIVADO] Chat:51977425547@s.whatsapp.net | De:51977425547:75@s.whatsapp.net | ID:3EB0D2E1A8E0CA113FC82F | Texto:"hola"
2025/11/06 00:47:00 [OnMessage] chat=51977425547@s.whatsapp.net from=51977425547:75@s.whatsapp.net id=3EB0D2E1A8E0CA113FC82F
00:47:09.215 [Engine INFO] [OUT] [PRIVADO] To:51977425547@s.whatsapp.net | ID:3EB0FBEC7867A5B22B0CA2 | Texto:"Lo siento, hubo un error procesando tu mensaje."
00:47:09.539 [Engine INFO] [RCPT] [PRIVADO] Chat:51977425547@s.whatsapp.net | Tipo:ENTREGADO | MsgID:3EB0FBEC7867A5B22B0CA2
2025/11/06 00:47:09 [OnReceipt] chat=51977425547@s.whatsapp.net ids=[3EB0FBEC7867A5B22B0CA2] type=
00:47:09.742 [Engine INFO] [RCPT] [PRIVADO] Chat:51977425547@s.whatsapp.net | Tipo:LEÍDO | MsgID:3EB0FBEC7867A5B22B0CA2
2025/11/06 00:47:09 [OnReceipt] chat=51977425547@s.whatsapp.net ids=[3EB0FBEC7867A5B22B0CA2] type=read
00:48:11.806 [Engine INFO] [PRESENCIA][CHAT] Chat:280715254067228@s.whatsapp.net | COMPOSING
00:48:12.481 [Engine INFO] [IN] [PRIVADO] Chat:51977425547@s.whatsapp.net | De:51977425547:75@s.whatsapp.net | ID:3EB099EAA947DE6C7599A0 | Texto:"hola"
2025/11/06 00:48:12 [OnMessage] chat=51977425547@s.whatsapp.net from=51977425547:75@s.whatsapp.net id=3EB099EAA947DE6C7599A0
00:48:14.133 [Engine INFO] [PRESENCIA][CHAT] Chat:280715254067228@s.whatsapp.net | COMPOSING
00:48:15.332 [Engine INFO] [IN] [PRIVADO] Chat:51977425547@s.whatsapp.net | De:51977425547:75@s.whatsapp.net | ID:3EB0C94CCBB53DB9809BAB | Texto:"que hace"
2025/11/06 00:48:15 [OnMessage] chat=51977425547@s.whatsapp.net from=51977425547:75@s.whatsapp.net id=3EB0C94CCBB53DB9809BAB
00:48:15.814 [Engine INFO] [PRESENCIA][CHAT] Chat:280715254067228@s.whatsapp.net | COMPOSING
00:48:16.665 [Engine INFO] [PRESENCIA][CHAT] Chat:280715254067228@s.whatsapp.net | COMPOSING
00:48:16.714 [Engine INFO] [IN] [PRIVADO] Chat:51977425547@s.whatsapp.net | De:51977425547:75@s.whatsapp.net | ID:3EB0BF2ADE31CCC6B09946 | Texto:"usted"
2025/11/06 00:48:16 [OnMessage] chat=51977425547@s.whatsapp.net from=51977425547:75@s.whatsapp.net id=3EB0BF2ADE31CCC6B09946
00:48:18.044 [Engine INFO] [IN] [PRIVADO] Chat:51977425547@s.whatsapp.net | De:51977425547:75@s.whatsapp.net | ID:3EB05AEBF744C41C9D8304 | Texto:"por la vida"
2025/11/06 00:48:18 [OnMessage] chat=51977425547@s.whatsapp.net from=51977425547:75@s.whatsapp.net id=3EB05AEBF744C41C9D8304
00:48:26.675 [Engine INFO] [OUT] [PRIVADO] To:51977425547@s.whatsapp.net | ID:3EB057E5841247B58F08B4 | Texto:"No se pudo obtener respuesta del sistema."
00:48:27.074 [Engine INFO] [RCPT] [PRIVADO] Chat:51977425547@s.whatsapp.net | Tipo:ENTREGADO | MsgID:3EB057E5841247B58F08B4
2025/11/06 00:48:27 [OnReceipt] chat=51977425547@s.whatsapp.net ids=[3EB057E5841247B58F08B4] type=
00:48:27.294 [Engine INFO] [RCPT] [PRIVADO] Chat:51977425547@s.whatsapp.net | Tipo:LEÍDO | MsgID:3EB057E5841247B58F08B4
2025/11/06 00:48:27 [OnReceipt] chat=51977425547@s.whatsapp.net ids=[3EB057E5841247B58F08B4] type=read
00:49:36.586 [Engine INFO] [PRESENCIA][CHAT] Chat:280715254067228@s.whatsapp.net | COMPOSING
00:49:37.424 [Engine INFO] [IN] [PRIVADO] Chat:51977425547@s.whatsapp.net | De:51977425547:75@s.whatsapp.net | ID:3EB0E1579FC79A57CD6F05 | Texto:"hola"
2025/11/06 00:49:37 [OnMessage] chat=51977425547@s.whatsapp.net from=51977425547:75@s.whatsapp.net id=3EB0E1579FC79A57CD6F05
00:49:45.207 [Engine INFO] [OUT] [PRIVADO] To:51977425547@s.whatsapp.net | ID:3EB08185DA91F98BF794C0 | Texto:"Lo siento, hubo un error procesando tu mensaje."
00:49:45.741 [Engine INFO] [RCPT] [PRIVADO] Chat:51977425547@s.whatsapp.net | Tipo:ENTREGADO | MsgID:3EB08185DA91F98BF794C0
2025/11/06 00:49:45 [OnReceipt] chat=51977425547@s.whatsapp.net ids=[3EB08185DA91F98BF794C0] type=
00:49:46.218 [Engine INFO] [RCPT] [PRIVADO] Chat:280715254067228@s.whatsapp.net | Tipo:ENTREGADO | MsgID:3EB08185DA91F98BF794C0
2025/11/06 00:49:46 [OnReceipt] chat=280715254067228@lid ids=[3EB08185DA91F98BF794C0] type=
00:49:53.708 [Engine INFO] [RCPT] [PRIVADO] Chat:280715254067228@s.whatsapp.net | Tipo:ENTREGADO | MsgID:3EB08185DA91F98BF794C0
2025/11/06 00:49:53 [OnReceipt] chat=280715254067228@lid ids=[3EB08185DA91F98BF794C0] type=
00:49:53.851 [Engine INFO] [PRESENCIA][CHAT] Chat:280715254067228@s.whatsapp.net | COMPOSING
00:49:56.488 [Engine INFO] [RCPT] [PRIVADO] Chat:51977425547@s.whatsapp.net | Tipo:LEÍDO | MsgID:3EB08185DA91F98BF794C0
2025/11/06 00:49:56 [OnReceipt] chat=51977425547@s.whatsapp.net ids=[3EB08185DA91F98BF794C0] type=read
00:49:56.866 [Engine INFO] [IN] [PRIVADO] Chat:51977425547@s.whatsapp.net | De:51977425547:75@s.whatsapp.net | ID:3EB045CB79BB80B2ECE8A5 | Texto:"hola"
2025/11/06 00:49:56 [OnMessage] chat=51977425547@s.whatsapp.net from=51977425547:75@s.whatsapp.net id=3EB045CB79BB80B2ECE8A5
00:50:09.027 [Engine INFO] [OUT] [PRIVADO] To:51977425547@s.whatsapp.net | ID:3EB05975C0FC2EE8F1CCAA | Texto:"¡Hola! Bienvenido a BOB Subastas. ¿En qué puedo ayudarte hoy?"
00:50:09.335 [Engine INFO] [RCPT] [PRIVADO] Chat:51977425547@s.whatsapp.net | Tipo:ENTREGADO | MsgID:3EB05975C0FC2EE8F1CCAA
2025/11/06 00:50:09 [OnReceipt] chat=51977425547@s.whatsapp.net ids=[3EB05975C0FC2EE8F1CCAA] type=
00:50:10.203 [Engine INFO] [RCPT] [PRIVADO] Chat:280715254067228@s.whatsapp.net | Tipo:ENTREGADO | MsgID:3EB05975C0FC2EE8F1CCAA
2025/11/06 00:50:10 [OnReceipt] chat=280715254067228@lid ids=[3EB05975C0FC2EE8F1CCAA] type=
00:50:15.187 [Engine INFO] [RCPT] [PRIVADO] Chat:51977425547@s.whatsapp.net | Tipo:LEÍDO | MsgID:3EB05975C0FC2EE8F1CCAA
2025/11/06 00:50:15 [OnReceipt] chat=51977425547@s.whatsapp.net ids=[3EB05975C0FC2EE8F1CCAA] type=read
00:51:46.576 [Engine INFO] [PRESENCIA][CHAT] Chat:280715254067228@s.whatsapp.net | COMPOSING
00:51:47.242 [Engine INFO] [IN] [PRIVADO] Chat:51977425547@s.whatsapp.net | De:51977425547:75@s.whatsapp.net | ID:3EB0C911316919F4268240 | Texto:"hola"
2025/11/06 00:51:47 [OnMessage] chat=51977425547@s.whatsapp.net from=51977425547:75@s.whatsapp.net id=3EB0C911316919F4268240
00:52:00.653 [Engine INFO] [OUT] [PRIVADO] To:51977425547@s.whatsapp.net | ID:3EB07E0EAE850BBD5E5C9C | Texto:"¡Hola de nuevo! Ya te di la bienvenida, ¿tienes alguna pregunta o necesitas ayud…"
00:52:01.052 [Engine INFO] [RCPT] [PRIVADO] Chat:51977425547@s.whatsapp.net | Tipo:ENTREGADO | MsgID:3EB07E0EAE850BBD5E5C9C
2025/11/06 00:52:01 [OnReceipt] chat=51977425547@s.whatsapp.net ids=[3EB07E0EAE850BBD5E5C9C] type=
00:52:03.206 [Engine INFO] [RCPT] [PRIVADO] Chat:280715254067228@s.whatsapp.net | Tipo:ENTREGADO | MsgID:3EB07E0EAE850BBD5E5C9C
2025/11/06 00:52:03 [OnReceipt] chat=280715254067228@lid ids=[3EB07E0EAE850BBD5E5C9C] type=
00:52:14.519 [Engine INFO] [PRESENCIA][CHAT] Chat:264853520420925@s.whatsapp.net | COMPOSING
00:52:17.513 [Engine WARN] Unavailable message 3FEA3C2BA7861369F73F from 51958662499:88@s.whatsapp.net in 51958662499@s.whatsapp.net (type: "")
00:52:17.513 [Engine INFO] [EVENTO] *events.UndecryptableMessage
00:52:17.528 [Engine INFO] [EVENTO] *events.PushName
00:52:17.540 [Engine INFO] [RCPT] [PRIVADO] Chat:51977425547@s.whatsapp.net | Tipo:LEÍDO | MsgID:3EB07E0EAE850BBD5E5C9C
2025/11/06 00:52:17 [OnReceipt] chat=51977425547@s.whatsapp.net ids=[3EB07E0EAE850BBD5E5C9C] type=read
00:52:18.520 [Engine INFO] [EVENTO] *events.BusinessName
00:52:18.560 [Engine INFO] [IN] [PRIVADO] Chat:51958662499@s.whatsapp.net | De:51958662499:88@s.whatsapp.net | ID:3FEA3C2BA7861369F73F | Texto:"hola"
2025/11/06 00:52:18 [OnMessage] chat=51958662499@s.whatsapp.net from=51958662499:88@s.whatsapp.net id=3FEA3C2BA7861369F73F
00:52:32.408 [Engine INFO] [OUT] [PRIVADO] To:51958662499@s.whatsapp.net | ID:3EB09378FCB9F325D8BDFA | Texto:"¡Hola! Bienvenido a BOB Subastas. Soy tu asistente virtual. ¿En qué puedo ayudar…"
00:52:32.758 [Engine INFO] [RCPT] [PRIVADO] Chat:51958662499@s.whatsapp.net | Tipo:ENTREGADO | MsgID:3EB09378FCB9F325D8BDFA
2025/11/06 00:52:32 [OnReceipt] chat=51958662499@s.whatsapp.net ids=[3EB09378FCB9F325D8BDFA] type=
