
===== 2025-11-06 00:42:22 :: START whserver =====
2025/11/06 00:42:22 DEBUG secret_len: 0
2025/11/06 00:42:22 [INFO] WH listening addr :9000
2025/11/06 00:42:22 [ERROR] server_error err listen tcp :9000: bind: address already in use

===== 2025-11-06 00:43:50 :: START whserver =====
2025/11/06 00:43:50 DEBUG secret_len: 14
2025/11/06 00:43:50 [INFO] WH listening addr :9000
2025/11/06 00:43:50 [ERROR] server_error err listen tcp :9000: bind: address already in use

===== 2025-11-06 00:43:59 :: START whserver =====
2025/11/06 00:43:59 DEBUG secret_len: 14
2025/11/06 00:43:59 [INFO] WH listening addr :9000
2025/11/06 00:43:59 [ERROR] server_error err listen tcp :9000: bind: address already in use

===== 2025-11-06 00:44:58 :: START whserver =====
2025/11/06 00:44:58 DEBUG secret_len: 14
2025/11/06 00:44:58 [INFO] WH listening addr :9000
2025/11/06 00:45:00 [INFO] event type connected dir  chat  sender  msg_id 
2025/11/06 00:45:00 [INFO] filtered reason filter_chain_reject dir  chat  from 
2025/11/06 00:45:00 [INFO] event type *events.OfflineSyncCompleted dir  chat  sender  msg_id 
2025/11/06 00:45:00 [INFO] filtered reason filter_chain_reject dir  chat  from 
2025/11/06 00:45:04 [INFO] event type chat_presence dir  chat 280715254067228@s.whatsapp.net sender 280715254067228@lid msg_id 
2025/11/06 00:45:05 [INFO] event type *events.UndecryptableMessage dir  chat  sender  msg_id 
2025/11/06 00:45:05 [INFO] filtered reason filter_chain_reject dir  chat  from 
2025/11/06 00:45:06 [INFO] event type *events.UndecryptableMessage dir  chat  sender  msg_id 
2025/11/06 00:45:06 [INFO] filtered reason filter_chain_reject dir  chat  from 
2025/11/06 00:45:06 [INFO] event type message dir in chat 51977425547@s.whatsapp.net sender 51977425547:75@s.whatsapp.net msg_id 3EB0EDEE27CB3449AAB3F5
2025/11/06 00:45:06 [WARN] markread_non_2xx code 500
2025/11/06 00:45:06 [INFO] markread_ok chat 51977425547@s.whatsapp.net msg_id 3EB0EDEE27CB3449AAB3F5 t_ms 41
2025/11/06 00:45:06 [INFO] agg_window_start msg ventana de espera de mensajes inicializada, esperando chat 51977425547@s.whatsapp.net ventana_seg 5 mensajes_acumulados 0
2025/11/06 00:45:06 [INFO] agg_window_reset_message msg detectado nuevo mensaje dentro de la ventana de espera de mensajes, reiniciando tiempo de espera chat 51977425547@s.whatsapp.net ventana_seg 5 mensajes_acumulados 1
2025/11/06 00:45:06 [INFO] message chat 51977425547@s.whatsapp.net from 51977425547:75@s.whatsapp.net text hola text_len 4
2025/11/06 00:45:12 [WARN] bob_backend_error err Post "http://localhost:3000/api/chat/message": dial tcp [::1]:3000: connect: connection refused
2025/11/06 00:45:12 [WARN] typing_non_2xx code 500
2025/11/06 00:45:15 [WARN] send_non_2xx code 500
2025/11/06 00:45:15 [WARN] typing_non_2xx code 500
2025/11/06 00:45:15 [INFO] reply_bob_backend chat 51977425547@s.whatsapp.net count 1 reply_len 47 reply_preview Lo siento, hubo un error procesando tu mensaje. t_pre_delay_ms 900 t_typing_ms 1371
2025/11/06 00:45:20 [INFO] event type chat_presence dir  chat 280715254067228@s.whatsapp.net sender 280715254067228@lid msg_id 
2025/11/06 00:45:24 [INFO] event type message dir in chat 51977425547@s.whatsapp.net sender 51977425547:75@s.whatsapp.net msg_id 3EB0649492DC9185CDC9B3
2025/11/06 00:45:24 [WARN] markread_non_2xx code 500
2025/11/06 00:45:24 [INFO] markread_ok chat 51977425547@s.whatsapp.net msg_id 3EB0649492DC9185CDC9B3 t_ms 0
2025/11/06 00:45:24 [INFO] agg_window_start msg ventana de espera de mensajes inicializada, esperando chat 51977425547@s.whatsapp.net ventana_seg 5 mensajes_acumulados 0
2025/11/06 00:45:24 [INFO] agg_window_reset_message msg detectado nuevo mensaje dentro de la ventana de espera de mensajes, reiniciando tiempo de espera chat 51977425547@s.whatsapp.net ventana_seg 5 mensajes_acumulados 1
2025/11/06 00:45:24 [INFO] message chat 51977425547@s.whatsapp.net from 51977425547:75@s.whatsapp.net text ===== 2025-11-06 00:44:58 :: START whbot =====
00:44:59.982 [Engine WARN] REST server error on :8080: listen tcp :8080: … text_len 1983
2025/11/06 00:45:30 [WARN] bob_backend_error err Post "http://localhost:3000/api/chat/message": dial tcp [::1]:3000: connect: connection refused
2025/11/06 00:45:30 [WARN] typing_non_2xx code 500
2025/11/06 00:45:33 [WARN] send_non_2xx code 500
2025/11/06 00:45:33 [WARN] typing_non_2xx code 500
2025/11/06 00:45:33 [INFO] reply_bob_backend chat 51977425547@s.whatsapp.net count 1 reply_len 47 reply_preview Lo siento, hubo un error procesando tu mensaje. t_pre_delay_ms 900 t_typing_ms 1436
2025/11/06 00:46:52 [INFO] graceful shutdown complete

===== 2025-11-06 00:46:54 :: START whserver =====
2025/11/06 00:46:54 DEBUG secret_len: 14
2025/11/06 00:46:54 [INFO] WH listening addr :9000
2025/11/06 00:46:56 [INFO] event type connected dir  chat  sender  msg_id 
2025/11/06 00:46:56 [INFO] filtered reason filter_chain_reject dir  chat  from 
2025/11/06 00:46:56 [INFO] event type *events.OfflineSyncCompleted dir  chat  sender  msg_id 
2025/11/06 00:46:56 [INFO] filtered reason filter_chain_reject dir  chat  from 
2025/11/06 00:46:57 [INFO] event type chat_presence dir  chat 280715254067228@s.whatsapp.net sender 280715254067228@lid msg_id 
2025/11/06 00:46:59 [INFO] event type chat_presence dir  chat 280715254067228@s.whatsapp.net sender 280715254067228@lid msg_id 
2025/11/06 00:46:59 [INFO] event_any type chat_presence chat 280715254067228@s.whatsapp.net from 280715254067228@lid
2025/11/06 00:46:59 [INFO] event type chat_presence dir  chat 280715254067228@s.whatsapp.net sender 280715254067228@lid msg_id 
2025/11/06 00:47:00 [INFO] event type message dir in chat 51977425547@s.whatsapp.net sender 51977425547:75@s.whatsapp.net msg_id 3EB0D2E1A8E0CA113FC82F
2025/11/06 00:47:00 [INFO] markread_ok chat 51977425547@s.whatsapp.net msg_id 3EB0D2E1A8E0CA113FC82F t_ms 278
2025/11/06 00:47:00 [INFO] agg_window_start msg ventana de espera de mensajes inicializada, esperando chat 51977425547@s.whatsapp.net ventana_seg 5 mensajes_acumulados 0
2025/11/06 00:47:00 [INFO] agg_window_reset_message msg detectado nuevo mensaje dentro de la ventana de espera de mensajes, reiniciando tiempo de espera chat 51977425547@s.whatsapp.net ventana_seg 5 mensajes_acumulados 1
2025/11/06 00:47:00 [INFO] message chat 51977425547@s.whatsapp.net from 51977425547:75@s.whatsapp.net text hola text_len 4
2025/11/06 00:47:06 [WARN] bob_backend_error err Post "http://localhost:3000/api/chat/message": dial tcp [::1]:3000: connect: connection refused
2025/11/06 00:47:09 [INFO] event type message dir out chat 51977425547@s.whatsapp.net sender  msg_id 3EB0FBEC7867A5B22B0CA2
2025/11/06 00:47:09 [INFO] filtered reason direction_out chat 51977425547@s.whatsapp.net
2025/11/06 00:47:09 [INFO] reply_bob_backend chat 51977425547@s.whatsapp.net count 1 reply_len 47 reply_preview Lo siento, hubo un error procesando tu mensaje. t_pre_delay_ms 900 t_typing_ms 1615
2025/11/06 00:47:09 [INFO] event type receipt dir  chat 51977425547@s.whatsapp.net sender  msg_id 
2025/11/06 00:47:09 [INFO] filtered reason filter_chain_reject dir  chat 51977425547@s.whatsapp.net from 
2025/11/06 00:47:09 [INFO] event type receipt dir  chat 51977425547@s.whatsapp.net sender  msg_id 
2025/11/06 00:47:09 [INFO] filtered reason filter_chain_reject dir  chat 51977425547@s.whatsapp.net from 
2025/11/06 00:48:11 [INFO] event type chat_presence dir  chat 280715254067228@s.whatsapp.net sender 280715254067228@lid msg_id 
2025/11/06 00:48:12 [INFO] event type message dir in chat 51977425547@s.whatsapp.net sender 51977425547:75@s.whatsapp.net msg_id 3EB099EAA947DE6C7599A0
2025/11/06 00:48:12 [INFO] markread_ok chat 51977425547@s.whatsapp.net msg_id 3EB099EAA947DE6C7599A0 t_ms 1
2025/11/06 00:48:12 [INFO] agg_window_start msg ventana de espera de mensajes inicializada, esperando chat 51977425547@s.whatsapp.net ventana_seg 5 mensajes_acumulados 0
2025/11/06 00:48:12 [INFO] agg_window_reset_message msg detectado nuevo mensaje dentro de la ventana de espera de mensajes, reiniciando tiempo de espera chat 51977425547@s.whatsapp.net ventana_seg 5 mensajes_acumulados 1
2025/11/06 00:48:12 [INFO] message chat 51977425547@s.whatsapp.net from 51977425547:75@s.whatsapp.net text hola text_len 4
2025/11/06 00:48:14 [INFO] event type chat_presence dir  chat 280715254067228@s.whatsapp.net sender 280715254067228@lid msg_id 
2025/11/06 00:48:15 [INFO] event type message dir in chat 51977425547@s.whatsapp.net sender 51977425547:75@s.whatsapp.net msg_id 3EB0C94CCBB53DB9809BAB
2025/11/06 00:48:15 [INFO] markread_ok chat 51977425547@s.whatsapp.net msg_id 3EB0C94CCBB53DB9809BAB t_ms 1
2025/11/06 00:48:15 [INFO] agg_window_reset_message msg detectado nuevo mensaje dentro de la ventana de espera de mensajes, reiniciando tiempo de espera chat 51977425547@s.whatsapp.net ventana_seg 5 mensajes_acumulados 2
2025/11/06 00:48:15 [INFO] message chat 51977425547@s.whatsapp.net from 51977425547:75@s.whatsapp.net text que hace text_len 8
2025/11/06 00:48:15 [INFO] event type chat_presence dir  chat 280715254067228@s.whatsapp.net sender 280715254067228@lid msg_id 
2025/11/06 00:48:16 [INFO] event type chat_presence dir  chat 280715254067228@s.whatsapp.net sender 280715254067228@lid msg_id 
2025/11/06 00:48:16 [INFO] event type message dir in chat 51977425547@s.whatsapp.net sender 51977425547:75@s.whatsapp.net msg_id 3EB0BF2ADE31CCC6B09946
2025/11/06 00:48:16 [INFO] markread_ok chat 51977425547@s.whatsapp.net msg_id 3EB0BF2ADE31CCC6B09946 t_ms 1
2025/11/06 00:48:16 [INFO] agg_window_reset_message msg detectado nuevo mensaje dentro de la ventana de espera de mensajes, reiniciando tiempo de espera chat 51977425547@s.whatsapp.net ventana_seg 5 mensajes_acumulados 3
2025/11/06 00:48:16 [INFO] message chat 51977425547@s.whatsapp.net from 51977425547:75@s.whatsapp.net text usted text_len 5
2025/11/06 00:48:18 [INFO] event type message dir in chat 51977425547@s.whatsapp.net sender 51977425547:75@s.whatsapp.net msg_id 3EB05AEBF744C41C9D8304
2025/11/06 00:48:18 [INFO] markread_ok chat 51977425547@s.whatsapp.net msg_id 3EB05AEBF744C41C9D8304 t_ms 1
2025/11/06 00:48:18 [INFO] agg_window_reset_message msg detectado nuevo mensaje dentro de la ventana de espera de mensajes, reiniciando tiempo de espera chat 51977425547@s.whatsapp.net ventana_seg 5 mensajes_acumulados 4
2025/11/06 00:48:18 [INFO] message chat 51977425547@s.whatsapp.net from 51977425547:75@s.whatsapp.net text por la vida text_len 11
2025/11/06 00:48:26 [INFO] event type message dir out chat 51977425547@s.whatsapp.net sender  msg_id 3EB057E5841247B58F08B4
2025/11/06 00:48:26 [INFO] reply_bob_backend chat 51977425547@s.whatsapp.net count 4 reply_len 41 reply_preview No se pudo obtener respuesta del sistema. t_pre_delay_ms 900 t_typing_ms 1501
2025/11/06 00:48:26 [INFO] filtered reason direction_out chat 51977425547@s.whatsapp.net
2025/11/06 00:48:27 [INFO] event type receipt dir  chat 51977425547@s.whatsapp.net sender  msg_id 
2025/11/06 00:48:27 [INFO] filtered reason filter_chain_reject dir  chat 51977425547@s.whatsapp.net from 
2025/11/06 00:48:27 [INFO] event type receipt dir  chat 51977425547@s.whatsapp.net sender  msg_id 
2025/11/06 00:48:27 [INFO] filtered reason filter_chain_reject dir  chat 51977425547@s.whatsapp.net from 
2025/11/06 00:49:36 [INFO] event type chat_presence dir  chat 280715254067228@s.whatsapp.net sender 280715254067228@lid msg_id 
2025/11/06 00:49:37 [INFO] event type message dir in chat 51977425547@s.whatsapp.net sender 51977425547:75@s.whatsapp.net msg_id 3EB0E1579FC79A57CD6F05
2025/11/06 00:49:37 [INFO] markread_ok chat 51977425547@s.whatsapp.net msg_id 3EB0E1579FC79A57CD6F05 t_ms 1
2025/11/06 00:49:37 [INFO] agg_window_start msg ventana de espera de mensajes inicializada, esperando chat 51977425547@s.whatsapp.net ventana_seg 5 mensajes_acumulados 0
2025/11/06 00:49:37 [INFO] agg_window_reset_message msg detectado nuevo mensaje dentro de la ventana de espera de mensajes, reiniciando tiempo de espera chat 51977425547@s.whatsapp.net ventana_seg 5 mensajes_acumulados 1
2025/11/06 00:49:37 [INFO] message chat 51977425547@s.whatsapp.net from 51977425547:75@s.whatsapp.net text hola text_len 4
2025/11/06 00:49:43 [WARN] bob_backend_error err Post "http://localhost:3000/api/chat/message": dial tcp [::1]:3000: connect: connection refused
2025/11/06 00:49:45 [INFO] event type message dir out chat 51977425547@s.whatsapp.net sender  msg_id 3EB08185DA91F98BF794C0
2025/11/06 00:49:45 [INFO] filtered reason direction_out chat 51977425547@s.whatsapp.net
2025/11/06 00:49:45 [INFO] reply_bob_backend chat 51977425547@s.whatsapp.net count 1 reply_len 47 reply_preview Lo siento, hubo un error procesando tu mensaje. t_pre_delay_ms 900 t_typing_ms 1698
2025/11/06 00:49:45 [INFO] event type receipt dir  chat 51977425547@s.whatsapp.net sender  msg_id 
2025/11/06 00:49:45 [INFO] filtered reason filter_chain_reject dir  chat 51977425547@s.whatsapp.net from 
2025/11/06 00:49:46 [INFO] event type receipt dir  chat 280715254067228@s.whatsapp.net sender  msg_id 
2025/11/06 00:49:46 [INFO] filtered reason filter_chain_reject dir  chat 280715254067228@s.whatsapp.net from 
2025/11/06 00:49:53 [INFO] event type receipt dir  chat 280715254067228@s.whatsapp.net sender  msg_id 
2025/11/06 00:49:53 [INFO] filtered reason filter_chain_reject dir  chat 280715254067228@s.whatsapp.net from 
2025/11/06 00:49:53 [INFO] event type chat_presence dir  chat 280715254067228@s.whatsapp.net sender 280715254067228@lid msg_id 
2025/11/06 00:49:56 [INFO] event type receipt dir  chat 51977425547@s.whatsapp.net sender  msg_id 
2025/11/06 00:49:56 [INFO] filtered reason filter_chain_reject dir  chat 51977425547@s.whatsapp.net from 
2025/11/06 00:49:56 [INFO] event type message dir in chat 51977425547@s.whatsapp.net sender 51977425547:75@s.whatsapp.net msg_id 3EB045CB79BB80B2ECE8A5
2025/11/06 00:49:56 [INFO] markread_ok chat 51977425547@s.whatsapp.net msg_id 3EB045CB79BB80B2ECE8A5 t_ms 3
2025/11/06 00:49:56 [INFO] agg_window_start msg ventana de espera de mensajes inicializada, esperando chat 51977425547@s.whatsapp.net ventana_seg 5 mensajes_acumulados 0
2025/11/06 00:49:56 [INFO] agg_window_reset_message msg detectado nuevo mensaje dentro de la ventana de espera de mensajes, reiniciando tiempo de espera chat 51977425547@s.whatsapp.net ventana_seg 5 mensajes_acumulados 1
2025/11/06 00:49:56 [INFO] message chat 51977425547@s.whatsapp.net from 51977425547:75@s.whatsapp.net text hola text_len 4
2025/11/06 00:50:07 [INFO] bob_backend_reply from 51977425547:75@s.whatsapp.net score 0 category cold reply_len 61
2025/11/06 00:50:09 [INFO] reply_bob_backend chat 51977425547@s.whatsapp.net count 1 reply_len 61 reply_preview ¡Hola! Bienvenido a BOB Subastas. ¿En qué puedo ayudarte hoy? t_pre_delay_ms 900 t_typing_ms 1677
2025/11/06 00:50:09 [INFO] event type message dir out chat 51977425547@s.whatsapp.net sender  msg_id 3EB05975C0FC2EE8F1CCAA
2025/11/06 00:50:09 [INFO] filtered reason direction_out chat 51977425547@s.whatsapp.net
2025/11/06 00:50:09 [INFO] event type receipt dir  chat 51977425547@s.whatsapp.net sender  msg_id 
2025/11/06 00:50:09 [INFO] filtered reason filter_chain_reject dir  chat 51977425547@s.whatsapp.net from 
2025/11/06 00:50:10 [INFO] event type receipt dir  chat 280715254067228@s.whatsapp.net sender  msg_id 
2025/11/06 00:50:10 [INFO] filtered reason filter_chain_reject dir  chat 280715254067228@s.whatsapp.net from 
2025/11/06 00:50:15 [INFO] event type receipt dir  chat 51977425547@s.whatsapp.net sender  msg_id 
2025/11/06 00:50:15 [INFO] filtered reason filter_chain_reject dir  chat 51977425547@s.whatsapp.net from 
2025/11/06 00:51:46 [INFO] event type chat_presence dir  chat 280715254067228@s.whatsapp.net sender 280715254067228@lid msg_id 
2025/11/06 00:51:47 [INFO] event type message dir in chat 51977425547@s.whatsapp.net sender 51977425547:75@s.whatsapp.net msg_id 3EB0C911316919F4268240
2025/11/06 00:51:47 [INFO] markread_ok chat 51977425547@s.whatsapp.net msg_id 3EB0C911316919F4268240 t_ms 1
2025/11/06 00:51:47 [INFO] agg_window_start msg ventana de espera de mensajes inicializada, esperando chat 51977425547@s.whatsapp.net ventana_seg 5 mensajes_acumulados 0
2025/11/06 00:51:47 [INFO] agg_window_reset_message msg detectado nuevo mensaje dentro de la ventana de espera de mensajes, reiniciando tiempo de espera chat 51977425547@s.whatsapp.net ventana_seg 5 mensajes_acumulados 1
2025/11/06 00:51:47 [INFO] message chat 51977425547@s.whatsapp.net from 51977425547:75@s.whatsapp.net text hola text_len 4
2025/11/06 00:51:57 [INFO] bob_backend_reply from 51977425547:75@s.whatsapp.net score 0 category cold reply_len 105
2025/11/06 00:52:00 [INFO] event type message dir out chat 51977425547@s.whatsapp.net sender  msg_id 3EB07E0EAE850BBD5E5C9C
2025/11/06 00:52:00 [INFO] reply_bob_backend chat 51977425547@s.whatsapp.net count 1 reply_len 105 reply_preview ¡Hola de nuevo! Ya te di la bienvenida, ¿tienes alguna pregunta o necesitas ayuda con algo en particular? t_pre_delay_ms 900 t_typing_ms 2896
2025/11/06 00:52:00 [INFO] filtered reason direction_out chat 51977425547@s.whatsapp.net
2025/11/06 00:52:01 [INFO] event type receipt dir  chat 51977425547@s.whatsapp.net sender  msg_id 
2025/11/06 00:52:01 [INFO] filtered reason filter_chain_reject dir  chat 51977425547@s.whatsapp.net from 
2025/11/06 00:52:03 [INFO] event type receipt dir  chat 280715254067228@s.whatsapp.net sender  msg_id 
2025/11/06 00:52:03 [INFO] filtered reason filter_chain_reject dir  chat 280715254067228@s.whatsapp.net from 
2025/11/06 00:52:14 [INFO] event type chat_presence dir  chat 264853520420925@s.whatsapp.net sender 264853520420925@lid msg_id 
2025/11/06 00:52:17 [INFO] event type *events.UndecryptableMessage dir  chat  sender  msg_id 
2025/11/06 00:52:17 [INFO] filtered reason filter_chain_reject dir  chat  from 
2025/11/06 00:52:17 [INFO] event type *events.PushName dir  chat  sender  msg_id 
2025/11/06 00:52:17 [INFO] filtered reason filter_chain_reject dir  chat  from 
2025/11/06 00:52:17 [INFO] event type receipt dir  chat 51977425547@s.whatsapp.net sender  msg_id 
2025/11/06 00:52:17 [INFO] filtered reason filter_chain_reject dir  chat 51977425547@s.whatsapp.net from 
2025/11/06 00:52:18 [INFO] event type *events.BusinessName dir  chat  sender  msg_id 
2025/11/06 00:52:18 [INFO] filtered reason filter_chain_reject dir  chat  from 
2025/11/06 00:52:18 [INFO] event type message dir in chat 51958662499@s.whatsapp.net sender 51958662499:88@s.whatsapp.net msg_id 3FEA3C2BA7861369F73F
2025/11/06 00:52:18 [INFO] markread_ok chat 51958662499@s.whatsapp.net msg_id 3FEA3C2BA7861369F73F t_ms 0
2025/11/06 00:52:18 [INFO] agg_window_start msg ventana de espera de mensajes inicializada, esperando chat 51958662499@s.whatsapp.net ventana_seg 5 mensajes_acumulados 0
2025/11/06 00:52:18 [INFO] agg_window_reset_message msg detectado nuevo mensaje dentro de la ventana de espera de mensajes, reiniciando tiempo de espera chat 51958662499@s.whatsapp.net ventana_seg 5 mensajes_acumulados 1
2025/11/06 00:52:18 [INFO] message chat 51958662499@s.whatsapp.net from 51958662499:88@s.whatsapp.net text hola text_len 4
2025/11/06 00:52:27 [INFO] bob_backend_reply from 51958662499:88@s.whatsapp.net score 0 category cold reply_len 224
2025/11/06 00:52:32 [INFO] event type message dir out chat 51958662499@s.whatsapp.net sender  msg_id 3EB09378FCB9F325D8BDFA
2025/11/06 00:52:32 [INFO] reply_bob_backend chat 51958662499@s.whatsapp.net count 1 reply_len 224 reply_preview ¡Hola! Bienvenido a BOB Subastas. Soy tu asistente virtual. ¿En qué puedo ayudarte hoy? Por ejemplo, puedes preguntarme … t_pre_delay_ms 900 t_typing_ms 4000
2025/11/06 00:52:32 [INFO] filtered reason direction_out chat 51958662499@s.whatsapp.net
2025/11/06 00:52:32 [INFO] event type receipt dir  chat 51958662499@s.whatsapp.net sender  msg_id 
2025/11/06 00:52:32 [INFO] filtered reason filter_chain_reject dir  chat 51958662499@s.whatsapp.net from 
